<?xml version="1.0" encoding="UTF-8"?>
<!-- Generated by org.testng.reporters.JUnitXMLReporter -->
<testsuite hostname="DESKTOP-JPRHBU4" ignored="0" name="Test" tests="5" failures="0" timestamp="2021-01-10T00:26:53 IST" time="265.271" errors="0">
  <testcase name="testcase1" time="120.745" classname="Project.AppiumFramework.TC_01"/>
  <testcase name="testcase2" time="55.28" classname="Project.AppiumFramework.TC_01"/>
  <testcase name="testcase3" time="21.734" classname="Project.AppiumFramework.TC_01"/>
  <testcase name="testcase4" time="29.015" classname="Project.AppiumFramework.TC_01"/>
  <testcase name="testcase5" time="33.185" classname="Project.AppiumFramework.TC_01"/>
</testsuite> <!-- Test -->
