<?xml version="1.0" encoding="UTF-8"?>
<!-- Generated by org.testng.reporters.JUnitXMLReporter -->
<testsuite hostname="DESKTOP-JPRHBU4" ignored="0" name="Default test" tests="5" failures="0" timestamp="2021-01-09T23:51:24 IST" time="266.167" errors="0">
  <testcase name="testcase1" time="122.52" classname="Project.AppiumFramework.TC_01"/>
  <testcase name="testcase2" time="55.75" classname="Project.AppiumFramework.TC_01"/>
  <testcase name="testcase3" time="21.405" classname="Project.AppiumFramework.TC_01"/>
  <testcase name="testcase4" time="29.002" classname="Project.AppiumFramework.TC_01"/>
  <testcase name="testcase5" time="32.312" classname="Project.AppiumFramework.TC_01"/>
</testsuite> <!-- Default test -->
